Vivado Simulator v2024.1
Copyright 1986-2022 Xilinx, Inc. All Rights Reserved.
Copyright 2022-2024 Advanced Micro Devices, Inc. All Rights Reserved.
Running: /home/admin/Xilinx/Vivado/2024.1/bin/unwrapped/lnx64.o/xelab --incr --debug typical --relax --mt 8 -L xil_defaultlib -L uvm -L unisims_ver -L unimacro_ver -L secureip --snapshot TB_sha256_core_behav xil_defaultlib.TB_sha256_core xil_defaultlib.glbl -log elaborate.log 
Using 8 slave threads.
Starting static elaboration
Pass Through NonSizing Optimizer
Completed static elaboration
Starting simulation data flow analysis
WARNING: [XSIM 43-4100] "/home/admin/Desktop/VichRec_SHA256/testbench/TB_sha256_core.sv" Line 3. Module TB_sha256_core has a timescale but at least one module in design doesn't have timescale.
WARNING: [XSIM 43-4100] "/home/admin/Desktop/VichRec_SHA256/src/sha256_core.sv" Line 3. Module sha256_core has a timescale but at least one module in design doesn't have timescale.
WARNING: [XSIM 43-4100] "/home/admin/Desktop/VichRec_SHA256/testbench/TB_sha256_core.sv" Line 3. Module TB_sha256_core has a timescale but at least one module in design doesn't have timescale.
WARNING: [XSIM 43-4100] "/home/admin/Desktop/VichRec_SHA256/src/sha256_core.sv" Line 3. Module sha256_core has a timescale but at least one module in design doesn't have timescale.
WARNING: [XSIM 43-4100] "/home/admin/Desktop/VichRec_SHA256/VIVADO/VichRic_SHA256.sim/sim_1/behav/xsim/glbl.v" Line 6. Module glbl has a timescale but at least one module in design doesn't have timescale.
WARNING: [XSIM 43-4100] "/home/admin/Desktop/VichRec_SHA256/VIVADO/VichRic_SHA256.sim/sim_1/behav/xsim/glbl.v" Line 6. Module glbl has a timescale but at least one module in design doesn't have timescale.
Completed simulation data flow analysis
Time Resolution for simulation is 1ps
Compiling package xil_defaultlib.sha256_pkg
Compiling module xil_defaultlib.sha256_core
Compiling module xil_defaultlib.TB_sha256_core
Compiling module xil_defaultlib.glbl
Built simulation snapshot TB_sha256_core_behav
